Using pre-set license
Built from '2021.1/staging' branch; Version is '2021.1.6f1 (c0fade0cc7e9) revision 12647134'; Using compiler version '192528614'; Build Type 'Release'
OS: 'Windows 10 Home; OS build 19042.1052; Version 2009; 64bit' Language: 'en' Physical Memory: 15791 MB
BatchMode: 1, IsHumanControllingUs: 0, StartBugReporterOnCrash: 0, Is64bit: 1, IsPro: 0

 COMMAND LINE ARGUMENTS:
C:\Program Files\Unity\Hub\Editor\2021.1.6f1\Editor\Unity.exe
-adb2
-batchMode
-noUpm
-name
AssetImportWorker0
-projectPath
C:/Unity Projects/Accurate-Clicker-Prototype2
-logFile
Logs/AssetImportWorker0.log
-srvPort
59674
Successfully changed project path to: C:/Unity Projects/Accurate-Clicker-Prototype2
C:/Unity Projects/Accurate-Clicker-Prototype2
Using Asset Import Pipeline V2.
Refreshing native plugins compatible for Editor in 70.59 ms, found 1 plugins.
Preloading 0 native plugins for Editor in 0.00 ms.
Initialize engine version: 2021.1.6f1 (c0fade0cc7e9)
[Subsystems] Discovering subsystems at path C:/Program Files/Unity/Hub/Editor/2021.1.6f1/Editor/Data/Resources/UnitySubsystems
[Subsystems] Discovering subsystems at path C:/Unity Projects/Accurate-Clicker-Prototype2/Assets
GfxDevice: creating device client; threaded=0; jobified=0
Direct3D:
    Version:  Direct3D 11.0 [level 11.1]
    Renderer: NVIDIA GeForce GTX 1650 (ID=0x1f99)
    Vendor:   NVIDIA
    VRAM:     3962 MB
    Driver:   27.21.14.5763
Initialize mono
Mono path[0] = 'C:/Program Files/Unity/Hub/Editor/2021.1.6f1/Editor/Data/Managed'
Mono path[1] = 'C:/Program Files/Unity/Hub/Editor/2021.1.6f1/Editor/Data/MonoBleedingEdge/lib/mono/unityjit'
Mono config path = 'C:/Program Files/Unity/Hub/Editor/2021.1.6f1/Editor/Data/MonoBleedingEdge/etc'
Using monoOptions --debugger-agent=transport=dt_socket,embedding=1,server=y,suspend=n,address=127.0.0.1:56992
Begin MonoManager ReloadAssembly
Registering precompiled unity dll's ...
Register platform support module: C:/Program Files/Unity/Hub/Editor/2021.1.6f1/Editor/Data/PlaybackEngines/WebGLSupport/UnityEditor.WebGL.Extensions.dll
Register platform support module: C:/Program Files/Unity/Hub/Editor/2021.1.6f1/Editor/Data/PlaybackEngines/WindowsStandaloneSupport/UnityEditor.WindowsStandalone.Extensions.dll
Registered in 0.002625 seconds.
Native extension for WindowsStandalone target not found
Native extension for WebGL target not found
Refreshing native plugins compatible for Editor in 74.74 ms, found 1 plugins.
Preloading 0 native plugins for Editor in 0.00 ms.
Mono: successfully reloaded assembly
- Completed reload, in  1.395 seconds
Platform modules already initialized, skipping
Registering precompiled user dll's ...
Registered in 0.003544 seconds.
Begin MonoManager ReloadAssembly
Native extension for WindowsStandalone target not found
Native extension for WebGL target not found
Refreshing native plugins compatible for Editor in 0.59 ms, found 1 plugins.
Preloading 0 native plugins for Editor in 0.00 ms.
Mono: successfully reloaded assembly
- Completed reload, in  0.950 seconds
Platform modules already initialized, skipping
========================================================================
Worker process is ready to serve import requests
Launched and connected shader compiler UnityShaderCompiler.exe after 0.05 seconds
Refreshing native plugins compatible for Editor in 0.96 ms, found 1 plugins.
Preloading 0 native plugins for Editor in 0.00 ms.
Unloading 2717 Unused Serialized files (Serialized files now loaded: 0)
System memory in use before: 101.4 MB.
System memory in use after: 101.6 MB.

Unloading 14 unused Assets to reduce memory usage. Loaded Objects now: 3171.
Total: 2.216500 ms (FindLiveObjects: 0.250500 ms CreateObjectMapping: 0.078100 ms MarkObjects: 1.814900 ms  DeleteObjects: 0.071400 ms)

========================================================================
Received Import Request.
  path: Assets/Scripts/PlayerMovement.cs
  artifactKey: Guid(aad59c3103894b2469ac177b27afb5b5) Importer(815301076,1909f56bfc062723c751e8b465ee728b)
Start importing Assets/Scripts/PlayerMovement.cs using Guid(aad59c3103894b2469ac177b27afb5b5) Importer(815301076,1909f56bfc062723c751e8b465ee728b)  -> (artifact id: '85297e36ba6cc7fa5307cddbd99e80ce') in 0.033426 seconds 
========================================================================
Received Import Request.
  Time since last request: 7.648321 seconds.
  path: Assets/Scenes/TestEnvironment.unity
  artifactKey: Guid(9fc0d4010bbf28b4594072e72b8655ab) Importer(815301076,1909f56bfc062723c751e8b465ee728b)
Start importing Assets/Scenes/TestEnvironment.unity using Guid(9fc0d4010bbf28b4594072e72b8655ab) Importer(815301076,1909f56bfc062723c751e8b465ee728b)  -> (artifact id: '250e5032d05efee2c26e21e204672a77') in 0.016958 seconds 
========================================================================
Received Import Request.
  Time since last request: 10.973586 seconds.
  path: Assets/Sprites/Sprite Sheets/Bad Box.png
  artifactKey: Guid(0c073f2f24e378d4293da5cd6ebd3f21) Importer(815301076,1909f56bfc062723c751e8b465ee728b)
Start importing Assets/Sprites/Sprite Sheets/Bad Box.png using Guid(0c073f2f24e378d4293da5cd6ebd3f21) Importer(815301076,1909f56bfc062723c751e8b465ee728b)  -> (artifact id: 'a1be94a52d09621b40f90579d145d090') in 0.114759 seconds 
========================================================================
Received Import Request.
  Time since last request: 0.000234 seconds.
  path: Assets/Sprites/Sprite Sheets/Shiny Egg.png
  artifactKey: Guid(9cc85ddab1de5eb4aa56ac041b1cc65d) Importer(815301076,1909f56bfc062723c751e8b465ee728b)
Start importing Assets/Sprites/Sprite Sheets/Shiny Egg.png using Guid(9cc85ddab1de5eb4aa56ac041b1cc65d) Importer(815301076,1909f56bfc062723c751e8b465ee728b)  -> (artifact id: 'e3f43fc7634fbea584dfaa2075b2a9ef') in 0.029682 seconds 
========================================================================
Received Import Request.
  Time since last request: 0.000227 seconds.
  path: Assets/Sprites/Sprite Sheets/Bomb.png
  artifactKey: Guid(7f99ac82af8fa3a4e94804289ed30191) Importer(815301076,1909f56bfc062723c751e8b465ee728b)
Start importing Assets/Sprites/Sprite Sheets/Bomb.png using Guid(7f99ac82af8fa3a4e94804289ed30191) Importer(815301076,1909f56bfc062723c751e8b465ee728b)  -> (artifact id: '9089ee64898d06bf35837c968a3fcd4f') in 0.029440 seconds 
========================================================================
Received Import Request.
  Time since last request: 0.000295 seconds.
  path: Assets/Sprites/Sprite Sheets/Rusted_Coin.png
  artifactKey: Guid(00041a30d2e72a543b1817163e3caa34) Importer(815301076,1909f56bfc062723c751e8b465ee728b)
Start importing Assets/Sprites/Sprite Sheets/Rusted_Coin.png using Guid(00041a30d2e72a543b1817163e3caa34) Importer(815301076,1909f56bfc062723c751e8b465ee728b)  -> (artifact id: '5b06f23bea160dfd4f47a0b62c0853bb') in 0.039481 seconds 
========================================================================
Received Import Request.
  Time since last request: 0.000202 seconds.
  path: Assets/Sprites/Sprite Sheets/Good Box.png
  artifactKey: Guid(5169e990b47b00a418ab87bdf854aedf) Importer(815301076,1909f56bfc062723c751e8b465ee728b)
Start importing Assets/Sprites/Sprite Sheets/Good Box.png using Guid(5169e990b47b00a418ab87bdf854aedf) Importer(815301076,1909f56bfc062723c751e8b465ee728b)  -> (artifact id: '3a6edeb48db371b9587bdeb7808a5158') in 0.023585 seconds 
========================================================================
Received Import Request.
  Time since last request: 0.000295 seconds.
  path: Assets/Sprites/Sprite Sheets/Title.png
  artifactKey: Guid(9aea41ace65eda944b11bf03b7e0c045) Importer(815301076,1909f56bfc062723c751e8b465ee728b)
Start importing Assets/Sprites/Sprite Sheets/Title.png using Guid(9aea41ace65eda944b11bf03b7e0c045) Importer(815301076,1909f56bfc062723c751e8b465ee728b)  -> (artifact id: '6ac650b38e70699e2c9c74aa64cf5260') in 0.083951 seconds 
========================================================================
Received Import Request.
  Time since last request: 0.000227 seconds.
  path: Assets/Sprites/Sprite Sheets/Gold_Coin.png
  artifactKey: Guid(7f5975689edef3b479c6ea45e1d85a48) Importer(815301076,1909f56bfc062723c751e8b465ee728b)
Start importing Assets/Sprites/Sprite Sheets/Gold_Coin.png using Guid(7f5975689edef3b479c6ea45e1d85a48) Importer(815301076,1909f56bfc062723c751e8b465ee728b)  -> (artifact id: 'fda4490e4b1f0bb25fddffa41ed64fe5') in 0.036742 seconds 
========================================================================
Received Import Request.
  Time since last request: 0.000267 seconds.
  path: Assets/Sprites/Sprite Sheets/Flower.png
  artifactKey: Guid(d3038ca3dcb4e3a458f06c1cecffc76a) Importer(815301076,1909f56bfc062723c751e8b465ee728b)
Start importing Assets/Sprites/Sprite Sheets/Flower.png using Guid(d3038ca3dcb4e3a458f06c1cecffc76a) Importer(815301076,1909f56bfc062723c751e8b465ee728b)  -> (artifact id: 'e49f08d1a64f1634901a3c01884fcea3') in 0.024262 seconds 
========================================================================
Received Import Request.
  Time since last request: 0.000259 seconds.
  path: Assets/Sprites/Sprite Sheets/Cracked Egg.png
  artifactKey: Guid(fa2d5ad5e77a4c2488da94563b9380d0) Importer(815301076,1909f56bfc062723c751e8b465ee728b)
Start importing Assets/Sprites/Sprite Sheets/Cracked Egg.png using Guid(fa2d5ad5e77a4c2488da94563b9380d0) Importer(815301076,1909f56bfc062723c751e8b465ee728b)  -> (artifact id: 'db99e52ffdaf696902cc7cfb907ecd14') in 0.020023 seconds 
========================================================================
Received Import Request.
  Time since last request: 22.431832 seconds.
  path: Assets/Sprites/Sprite Sheets/BombAC1FPS.gif
  artifactKey: Guid(928fe35180da09749b7d1f59c24c1541) Importer(815301076,1909f56bfc062723c751e8b465ee728b)
Start importing Assets/Sprites/Sprite Sheets/BombAC1FPS.gif using Guid(928fe35180da09749b7d1f59c24c1541) Importer(815301076,1909f56bfc062723c751e8b465ee728b)  -> (artifact id: '5f03cfed6840657e59727c50eaed12fa') in 0.020306 seconds 
========================================================================
Received Import Request.
  Time since last request: 24.572198 seconds.
  path: Assets/Sprites/Sprite Sheets/Background.gif
  artifactKey: Guid(928fe35180da09749b7d1f59c24c1541) Importer(815301076,1909f56bfc062723c751e8b465ee728b)
Start importing Assets/Sprites/Sprite Sheets/Background.gif using Guid(928fe35180da09749b7d1f59c24c1541) Importer(815301076,1909f56bfc062723c751e8b465ee728b)  -> (artifact id: '61ee50a883e5f2c2803bf8c397dc3f9d') in 0.017209 seconds 
AssetImportWorkerClient::OnTransportError - code=2 error=End of file
