Using pre-set license
Built from '2021.1/staging' branch; Version is '2021.1.6f1 (c0fade0cc7e9) revision 12647134'; Using compiler version '192528614'; Build Type 'Release'
OS: 'Windows 8.1  (6.3.0) 64bit' Language: 'en' Physical Memory: 16340 MB
BatchMode: 1, IsHumanControllingUs: 0, StartBugReporterOnCrash: 0, Is64bit: 1, IsPro: 0

 COMMAND LINE ARGUMENTS:
C:\Program Files (x86)\2021.1.6f1\Editor\Unity.exe
-adb2
-batchMode
-noUpm
-name
AssetImportWorker0
-projectPath
C:/Accurate-Clicker-Prototype
-logFile
Logs/AssetImportWorker0.log
-srvPort
65273
Successfully changed project path to: C:/Accurate-Clicker-Prototype
C:/Accurate-Clicker-Prototype
Using Asset Import Pipeline V2.
Refreshing native plugins compatible for Editor in 107.47 ms, found 1 plugins.
Preloading 0 native plugins for Editor in 0.00 ms.
Initialize engine version: 2021.1.6f1 (c0fade0cc7e9)
[Subsystems] Discovering subsystems at path C:/Program Files (x86)/2021.1.6f1/Editor/Data/Resources/UnitySubsystems
[Subsystems] Discovering subsystems at path C:/Accurate-Clicker-Prototype/Assets
GfxDevice: creating device client; threaded=0; jobified=0
d3d11: QueryInterface(IDXGIFactory5) failed (80004002).
Direct3D:
    Version:  Direct3D 11.0 [level 11.0]
    Renderer: NVIDIA GeForce GTX 750 Ti (ID=0x1380)
    Vendor:   NVIDIA
    VRAM:     1951 MB
    Driver:   27.21.14.6647
Initialize mono
Mono path[0] = 'C:/Program Files (x86)/2021.1.6f1/Editor/Data/Managed'
Mono path[1] = 'C:/Program Files (x86)/2021.1.6f1/Editor/Data/MonoBleedingEdge/lib/mono/unityjit'
Mono config path = 'C:/Program Files (x86)/2021.1.6f1/Editor/Data/MonoBleedingEdge/etc'
Using monoOptions --debugger-agent=transport=dt_socket,embedding=1,server=y,suspend=n,address=127.0.0.1:56904
Begin MonoManager ReloadAssembly
Registering precompiled unity dll's ...
Register platform support module: C:/Program Files (x86)/2021.1.6f1/Editor/Data/PlaybackEngines/WindowsStandaloneSupport/UnityEditor.WindowsStandalone.Extensions.dll
Registered in 0.002300 seconds.
Native extension for WindowsStandalone target not found
Refreshing native plugins compatible for Editor in 108.34 ms, found 1 plugins.
Preloading 0 native plugins for Editor in 0.00 ms.
Mono: successfully reloaded assembly
- Completed reload, in  1.531 seconds
Platform modules already initialized, skipping
Registering precompiled user dll's ...
Registered in 0.005856 seconds.
Begin MonoManager ReloadAssembly
Native extension for WindowsStandalone target not found
Refreshing native plugins compatible for Editor in 0.61 ms, found 1 plugins.
Preloading 0 native plugins for Editor in 0.00 ms.
Mono: successfully reloaded assembly
- Completed reload, in  1.345 seconds
Platform modules already initialized, skipping
========================================================================
Worker process is ready to serve import requests
Launched and connected shader compiler UnityShaderCompiler.exe after 0.04 seconds
Refreshing native plugins compatible for Editor in 0.62 ms, found 1 plugins.
Preloading 0 native plugins for Editor in 0.00 ms.
Unloading 2700 Unused Serialized files (Serialized files now loaded: 0)
System memory in use before: 99.4 MB.
System memory in use after: 99.5 MB.

Unloading 15 unused Assets to reduce memory usage. Loaded Objects now: 3152.
Total: 2.334710 ms (FindLiveObjects: 0.228108 ms CreateObjectMapping: 0.115544 ms MarkObjects: 1.887434 ms  DeleteObjects: 0.102301 ms)

========================================================================
Received Import Request.
  path: Assets/Scenes/TestEnvironment.unity
  artifactKey: Guid(9fc0d4010bbf28b4594072e72b8655ab) Importer(815301076,1909f56bfc062723c751e8b465ee728b)
Start importing Assets/Scenes/TestEnvironment.unity using Guid(9fc0d4010bbf28b4594072e72b8655ab) Importer(815301076,1909f56bfc062723c751e8b465ee728b)  -> (artifact id: '9463fc2ed1c2baf33ee8e58f63ab1315') in 0.020790 seconds 
========================================================================
Received Import Request.
  Time since last request: 2.721055 seconds.
  path: Assets/Scenes
  artifactKey: Guid(7dc23d12a34c6354b88bc53d92c3dce5) Importer(815301076,1909f56bfc062723c751e8b465ee728b)
Start importing Assets/Scenes using Guid(7dc23d12a34c6354b88bc53d92c3dce5) Importer(815301076,1909f56bfc062723c751e8b465ee728b)  -> (artifact id: '19f8db2c63307b60948ef1db1830d391') in 0.005124 seconds 
========================================================================
Received Import Request.
  Time since last request: 5.292350 seconds.
  path: Assets/Scenes/New Folder
  artifactKey: Guid(7177437f8113cca41a72d49441ecfc3f) Importer(815301076,1909f56bfc062723c751e8b465ee728b)
Start importing Assets/Scenes/New Folder using Guid(7177437f8113cca41a72d49441ecfc3f) Importer(815301076,1909f56bfc062723c751e8b465ee728b)  -> (artifact id: '34bc39dbcc1ab35363978ff2590b9a33') in 0.004172 seconds 
========================================================================
Received Import Request.
  Time since last request: 3.280487 seconds.
  path: Assets
  artifactKey: Guid(00000000000000001000000000000000) Importer(815301076,1909f56bfc062723c751e8b465ee728b)
Start importing Assets using Guid(00000000000000001000000000000000) Importer(815301076,1909f56bfc062723c751e8b465ee728b)  -> (artifact id: '42d402b061de3733987d63b9cc3b64de') in 0.005881 seconds 
========================================================================
Received Import Request.
  Time since last request: 3.791205 seconds.
  path: Assets/Scripts
  artifactKey: Guid(7308fb9047f1e104bbfe2743490597d8) Importer(815301076,1909f56bfc062723c751e8b465ee728b)
Start importing Assets/Scripts using Guid(7308fb9047f1e104bbfe2743490597d8) Importer(815301076,1909f56bfc062723c751e8b465ee728b)  -> (artifact id: 'e2c6a9ce56f0d837bf02ff06abb08031') in 0.006117 seconds 
========================================================================
Received Import Request.
  Time since last request: 4.319339 seconds.
  path: Assets/Sprites
  artifactKey: Guid(11c67a1fc2f05ac4ab60c788fde1ef41) Importer(815301076,1909f56bfc062723c751e8b465ee728b)
Start importing Assets/Sprites using Guid(11c67a1fc2f05ac4ab60c788fde1ef41) Importer(815301076,1909f56bfc062723c751e8b465ee728b)  -> (artifact id: '3465bbd8c90ade6227200c0795c1c9f8') in 0.005577 seconds 
AssetImportWorkerClient::OnTransportError - code=2 error=End of file
